
Showing logs for build [32mcb-kubecd-environment-pr-183-30-4k7mj-1[0m stage [32mfrom-build-pack[0m and container [32mstep-credential-initializer-n8frs[0m
{"level":"warn","ts":1584422419.5500095,"logger":"fallback-logger","caller":"logging/config.go:69","msg":"Fetch GitHub commit ID from kodata failed: \"ref: refs/heads/0.8.0-**-support-backwards-incompats\" is not a valid GitHub commit ID"}
{"level":"info","ts":1584422419.5508723,"logger":"fallback-logger","caller":"creds-init/main.go:40","msg":"Credentials initialized."}

Showing logs for build [32mcb-kubecd-environment-pr-183-30-4k7mj-1[0m stage [32mfrom-build-pack[0m and container [32mstep-working-dir-initializer-rf777[0m
{"level":"warn","ts":1584422420.0094473,"logger":"fallback-logger","caller":"logging/config.go:69","msg":"Fetch GitHub commit ID from kodata failed: open /var/run/ko/HEAD: no such file or directory"}
{"level":"info","ts":1584422420.0114036,"logger":"fallback-logger","caller":"bash/main.go:64","msg":"Successfully executed command \"sh -c mkdir -p /workspace/source\"; output "}

Showing logs for build [32mcb-kubecd-environment-pr-183-30-4k7mj-1[0m stage [32mfrom-build-pack[0m and container [32mstep-place-tools[0m

Showing logs for build [32mcb-kubecd-environment-pr-183-30-4k7mj-1[0m stage [32mfrom-build-pack[0m and container [32mstep-git-source-cb-kubecd-environment-pr-183-30-4k7mj-n7p8z[0m
{"level":"warn","ts":1584422424.059111,"logger":"fallback-logger","caller":"logging/config.go:69","msg":"Fetch GitHub commit ID from kodata failed: \"ref: refs/heads/0.8.0-**-support-backwards-incompats\" is not a valid GitHub commit ID"}
{"level":"info","ts":1584422425.1136804,"logger":"fallback-logger","caller":"git/git.go:103","msg":"Successfully cloned https://github.com/cb-kubecd/environment-pr-183-30-boot-vault-gke-staging.git @ master in path /workspace/source"}

Showing logs for build [32mcb-kubecd-environment-pr-183-30-4k7mj-1[0m stage [32mfrom-build-pack[0m and container [32mstep-git-merge[0m
Using SHAs from PULL_REFS=master:16aee068fe593576601af48ccc37642e3d2ce795,3:4efdf5252ce073f7e3f89b2eb0610a10243871ec
DEBUG: LC_ALL=C JX_LOG_LEVEL=error git fetch origin --unshallow 4efdf5252ce073f7e3f89b2eb0610a10243871ec: 16aee068fe593576601af48ccc37642e3d2ce795:
DEBUG: ran git fetch --unshallow origin 4efdf5252ce073f7e3f89b2eb0610a10243871ec: 16aee068fe593576601af48ccc37642e3d2ce795: in 
DEBUG: LC_ALL=C JX_LOG_LEVEL=error git branch
DEBUG: JX_LOG_LEVEL=error LC_ALL=C git checkout master
DEBUG: ran git checkout master in 
DEBUG: LC_ALL=C JX_LOG_LEVEL=error git reset --hard 16aee068fe593576601af48ccc37642e3d2ce795
DEBUG: ran git reset --hard 16aee068fe593576601af48ccc37642e3d2ce795 in 
DEBUG: LC_ALL=C JX_LOG_LEVEL=error git clean -fd .
DEBUG: ran clean --force -d . in 
DEBUG: LC_ALL=C JX_LOG_LEVEL=error git merge 4efdf5252ce073f7e3f89b2eb0610a10243871ec
DEBUG: ran git merge 4efdf5252ce073f7e3f89b2eb0610a10243871ec in 
DEBUG: LC_ALL=C JX_LOG_LEVEL=error git log --format=%H%x1f%an%x1f%ae%x1f%cn%x1f%ce%x1f%s%n%b%x1e 16aee068fe593576601af48ccc37642e3d2ce795..HEAD
Merged SHA 4efdf5252ce073f7e3f89b2eb0610a10243871ec with commit message 'chore: Promote bdd-gh-1584420915 to version 0.0.1' into base branch master

Showing logs for build [32mcb-kubecd-environment-pr-183-30-4k7mj-1[0m stage [32mfrom-build-pack[0m and container [32mstep-build-helm-build[0m
WARNING: No $CHART_REPOSITORY defined so using the default value of: http://jenkins-x-chartmuseum:8080
Adding missing Helm repo: storage.googleapis.com https://storage.googleapis.com/chartmuseum.jenkins-x.io
WARNING: No secrets found on "helm/repos" due: reading the secret "helm/repos" from vault: no secret "helm/repos" not found in vault
Read credentials for https://storage.googleapis.com/chartmuseum.jenkins-x.io from vault helm/repos
Successfully added Helm repository storage.googleapis.com.
Adding missing Helm repo: jenkins-x-chartmuseum http://jenkins-x-chartmuseum:8080
WARNING: No secrets found on "helm/repos" due: reading the secret "helm/repos" from vault: no secret "helm/repos" not found in vault
Read credentials for http://jenkins-x-chartmuseum:8080 from vault helm/repos
Successfully added Helm repository jenkins-x-chartmuseum.
WARNING: No $CHART_REPOSITORY defined so using the default value of: http://jenkins-x-chartmuseum:8080
Adding missing Helm repo: chartmuseum.jenkins-x.io http://chartmuseum.jenkins-x.io
WARNING: No secrets found on "helm/repos" due: reading the secret "helm/repos" from vault: no secret "helm/repos" not found in vault
Read credentials for http://chartmuseum.jenkins-x.io from vault helm/repos
Successfully added Helm repository chartmuseum.jenkins-x.io.
